<?xml version="1.0" encoding="UTF-8"?>
<!-- Generated by org.testng.reporters.JUnitReportReporter -->
<testsuite hostname="Semihs-Macbook.local" failures="0" tests="1" name="org.example.AppTest" time="0.054" errors="0" timestamp="16 May 2020 23:02:41 GMT" skipped="0">
  <testcase classname="org.example.AppTest" name="shouldAnswerWithTrue" time="0.054"/>
</testsuite> <!-- org.example.AppTest -->
